# JRE version: Java(TM) SE Runtime Environment (17.0.6+9) (build 17.0.6+9-LTS-190)
# Java VM: Java HotSpot(TM) 64-Bit Server VM (17.0.6+9-LTS-190, mixed mode, sharing, tiered, compressed oops, compressed class ptrs, g1 gc, windows-amd64)
GC Precious Log:
 CPUs: 12 total, 12 available
 Memory: 15741M
 Large Page Support: Disabled
 NUMA Support: Disabled
 Compressed Oops: Enabled (32-bit)
 Heap Region Size: 1M
 Heap Min Capacity: 256M
 Heap Initial Capacity: 256M
 Heap Max Capacity: 512M
 Pre-touch: Disabled
 Parallel Workers: 10
 Concurrent Workers: 3
 Concurrent Refinement Workers: 10
 Periodic GC: Disabled
Heap:
 garbage-first heap   total 262144K, used 171352K [0x00000000e0000000, 0x0000000100000000)
  region size 1024K, 127 young (130048K), 11 survivors (11264K)
 Metaspace       used 67296K, committed 67968K, reserved 380928K
  class space    used 9179K, committed 9536K, reserved 315392K
GC Heap History (18 events):
Event: 0.516 GC heap before
{Heap before GC invocations=0 (full 0):
 garbage-first heap   total 262144K, used 26624K [0x00000000e0000000, 0x0000000100000000)
  region size 1024K, 23 young (23552K), 0 survivors (0K)
 Metaspace       used 3431K, committed 3648K, reserved 323584K
  class space    used 432K, committed 512K, reserved 315392K
}
Event: 0.519 GC heap after
{Heap after GC invocations=1 (full 0):
 garbage-first heap   total 262144K, used 10467K [0x00000000e0000000, 0x0000000100000000)
  region size 1024K, 3 young (3072K), 3 survivors (3072K)
 Metaspace       used 3431K, committed 3648K, reserved 323584K
  class space    used 432K, committed 512K, reserved 315392K
}
Event: 4.220 GC heap before
{Heap before GC invocations=1 (full 0):
 garbage-first heap   total 262144K, used 41187K [0x00000000e0000000, 0x0000000100000000)
  region size 1024K, 32 young (32768K), 3 survivors (3072K)
 Metaspace       used 4344K, committed 4608K, reserved 323584K
  class space    used 575K, committed 704K, reserved 315392K
}
Event: 4.224 GC heap after
{Heap after GC invocations=2 (full 0):
 garbage-first heap   total 262144K, used 15559K [0x00000000e0000000, 0x0000000100000000)
  region size 1024K, 4 young (4096K), 4 survivors (4096K)
 Metaspace       used 4344K, committed 4608K, reserved 323584K
  class space    used 575K, committed 704K, reserved 315392K
}
Event: 5.861 GC heap before
{Heap before GC invocations=2 (full 0):
 garbage-first heap   total 262144K, used 105671K [0x00000000e0000000, 0x0000000100000000)
  region size 1024K, 93 young (95232K), 4 survivors (4096K)
 Metaspace       used 21223K, committed 21504K, reserved 339968K
  class space    used 3147K, committed 3264K, reserved 315392K
}
Event: 5.870 GC heap after
{Heap after GC invocations=3 (full 0):
 garbage-first heap   total 262144K, used 21847K [0x00000000e0000000, 0x0000000100000000)
  region size 1024K, 11 young (11264K), 11 survivors (11264K)
 Metaspace       used 21223K, committed 21504K, reserved 339968K
  class space    used 3147K, committed 3264K, reserved 315392K
}
Event: 7.056 GC heap before
{Heap before GC invocations=4 (full 0):
 garbage-first heap   total 262144K, used 115031K [0x00000000e0000000, 0x0000000100000000)
  region size 1024K, 102 young (104448K), 11 survivors (11264K)
 Metaspace       used 35575K, committed 35968K, reserved 348160K
  class space    used 5037K, committed 5248K, reserved 315392K
}
Event: 7.066 GC heap after
{Heap after GC invocations=5 (full 0):
 garbage-first heap   total 262144K, used 29780K [0x00000000e0000000, 0x0000000100000000)
  region size 1024K, 18 young (18432K), 18 survivors (18432K)
 Metaspace       used 35575K, committed 35968K, reserved 348160K
  class space    used 5037K, committed 5248K, reserved 315392K
}
Event: 7.081 GC heap before
{Heap before GC invocations=5 (full 0):
 garbage-first heap   total 262144K, used 29780K [0x00000000e0000000, 0x0000000100000000)
  region size 1024K, 19 young (19456K), 18 survivors (18432K)
 Metaspace       used 35711K, committed 36096K, reserved 348160K
  class space    used 5056K, committed 5248K, reserved 315392K
}
Event: 7.091 GC heap after
{Heap after GC invocations=6 (full 0):
 garbage-first heap   total 262144K, used 30490K [0x00000000e0000000, 0x0000000100000000)
  region size 1024K, 2 young (2048K), 2 survivors (2048K)
 Metaspace       used 35711K, committed 36096K, reserved 348160K
  class space    used 5056K, committed 5248K, reserved 315392K
}
Event: 7.096 GC heap before
{Heap before GC invocations=6 (full 0):
 garbage-first heap   total 262144K, used 30490K [0x00000000e0000000, 0x0000000100000000)
  region size 1024K, 3 young (3072K), 2 survivors (2048K)
 Metaspace       used 35926K, committed 36288K, reserved 348160K
  class space    used 5062K, committed 5248K, reserved 315392K
}
Event: 7.097 GC heap after
{Heap after GC invocations=7 (full 0):
 garbage-first heap   total 262144K, used 29108K [0x00000000e0000000, 0x0000000100000000)
  region size 1024K, 1 young (1024K), 1 survivors (1024K)
 Metaspace       used 35926K, committed 36288K, reserved 348160K
  class space    used 5062K, committed 5248K, reserved 315392K
}
Event: 9.162 GC heap before
{Heap before GC invocations=8 (full 0):
 garbage-first heap   total 262144K, used 184756K [0x00000000e0000000, 0x0000000100000000)
  region size 1024K, 150 young (153600K), 1 survivors (1024K)
 Metaspace       used 51597K, committed 52160K, reserved 364544K
  class space    used 7335K, committed 7616K, reserved 315392K
}
Event: 9.172 GC heap after
{Heap after GC invocations=9 (full 0):
 garbage-first heap   total 262144K, used 39219K [0x00000000e0000000, 0x0000000100000000)
  region size 1024K, 11 young (11264K), 11 survivors (11264K)
 Metaspace       used 51597K, committed 52160K, reserved 364544K
  class space    used 7335K, committed 7616K, reserved 315392K
}
Event: 10.349 GC heap before
{Heap before GC invocations=9 (full 0):
 garbage-first heap   total 262144K, used 99635K [0x00000000e0000000, 0x0000000100000000)
  region size 1024K, 72 young (73728K), 11 survivors (11264K)
 Metaspace       used 60317K, committed 60800K, reserved 372736K
  class space    used 8437K, committed 8704K, reserved 315392K
}
Event: 10.361 GC heap after
{Heap after GC invocations=10 (full 0):
 garbage-first heap   total 262144K, used 51962K [0x00000000e0000000, 0x0000000100000000)
  region size 1024K, 13 young (13312K), 13 survivors (13312K)
 Metaspace       used 60317K, committed 60800K, reserved 372736K
  class space    used 8437K, committed 8704K, reserved 315392K
}
Event: 334.326 GC heap before
{Heap before GC invocations=11 (full 0):
 garbage-first heap   total 262144K, used 190202K [0x00000000e0000000, 0x0000000100000000)
  region size 1024K, 149 young (152576K), 13 survivors (13312K)
 Metaspace       used 66364K, committed 67008K, reserved 380928K
  class space    used 9159K, committed 9472K, reserved 315392K
}
Event: 334.355 GC heap after
{Heap after GC invocations=12 (full 0):
 garbage-first heap   total 262144K, used 54616K [0x00000000e0000000, 0x0000000100000000)
  region size 1024K, 11 young (11264K), 11 survivors (11264K)
 Metaspace       used 66364K, committed 67008K, reserved 380928K
  class space    used 9159K, committed 9472K, reserved 315392K
}

